TN:
SF:/Users/lzz/github/pandora/dialog/src/alert.js
FN:50,(anonymous_1)
FN:56,(anonymous_2)
FN:60,(anonymous_3)
FN:74,(anonymous_4)
FNF:4
FNH:3
FNDA:2,(anonymous_1)
FNDA:4,(anonymous_2)
FNDA:0,(anonymous_3)
FNDA:2,(anonymous_4)
DA:10,1
DA:20,1
DA:51,2
DA:57,4
DA:59,4
DA:60,3
DA:61,0
DA:65,4
DA:75,2
DA:76,0
DA:84,2
DA:85,1
DA:92,1
LF:13
LH:11
BRDA:59,1,0,3
BRDA:59,1,1,1
BRDA:75,2,0,0
BRDA:75,2,1,2
BRDA:84,3,0,1
BRDA:84,3,1,1
BRF:6
BRH:5
end_of_record
TN:
SF:/Users/lzz/github/pandora/dialog/src/dialog.js
FN:22,handleDialogInTop
FN:73,(anonymous_2)
FN:76,(anonymous_3)
FN:79,(anonymous_4)
FN:114,(anonymous_5)
FN:143,(anonymous_6)
FN:162,(anonymous_7)
FN:179,(anonymous_8)
FN:202,(anonymous_9)
FN:225,(anonymous_10)
FN:238,(anonymous_11)
FN:241,(anonymous_12)
FN:255,(anonymous_13)
FN:260,(anonymous_14)
FN:262,(anonymous_15)
FN:268,(anonymous_16)
FN:288,(anonymous_17)
FNF:17
FNH:15
FNDA:35,handleDialogInTop
FNDA:2,(anonymous_2)
FNDA:4,(anonymous_3)
FNDA:4,(anonymous_4)
FNDA:37,(anonymous_5)
FNDA:107,(anonymous_6)
FNDA:37,(anonymous_7)
FNDA:68,(anonymous_8)
FNDA:9,(anonymous_9)
FNDA:37,(anonymous_10)
FNDA:0,(anonymous_11)
FNDA:0,(anonymous_12)
FNDA:13,(anonymous_13)
FNDA:2,(anonymous_14)
FNDA:2,(anonymous_15)
FNDA:37,(anonymous_16)
FNDA:28,(anonymous_17)
DA:7,1
DA:8,1
DA:11,1
DA:15,1
DA:18,1
DA:20,1
DA:22,1
DA:23,35
DA:26,35
DA:28,35
DA:29,28
DA:30,28
DA:31,27
DA:32,27
DA:37,35
DA:38,7
DA:50,1
DA:74,2
DA:77,4
DA:80,4
DA:115,37
DA:119,37
DA:123,37
DA:127,37
DA:128,0
DA:129,0
DA:132,37
DA:144,107
DA:148,107
DA:149,68
DA:151,39
DA:154,107
DA:163,37
DA:165,37
DA:166,35
DA:169,37
DA:180,68
DA:182,68
DA:183,39
DA:186,68
DA:188,68
DA:189,64
DA:190,64
DA:193,68
DA:203,9
DA:204,0
DA:212,9
DA:213,7
DA:214,7
DA:226,37
DA:229,37
DA:230,13
DA:239,0
DA:243,0
DA:260,13
DA:264,13
DA:265,2
DA:267,2
DA:273,37
DA:275,37
DA:277,37
DA:279,37
DA:281,37
DA:283,37
DA:293,28
DA:294,0
DA:298,28
DA:300,28
DA:302,28
DA:307,1
LF:70
LH:64
BRDA:28,1,0,28
BRDA:28,1,1,7
BRDA:30,2,0,27
BRDA:30,2,1,1
BRDA:32,3,0,27
BRDA:32,3,1,27
BRDA:32,3,2,27
BRDA:37,4,0,7
BRDA:37,4,1,28
BRDA:65,5,0,0
BRDA:65,5,1,1
BRDA:65,6,0,1
BRDA:65,6,1,0
BRDA:74,7,0,2
BRDA:74,7,1,2
BRDA:119,8,0,37
BRDA:119,8,1,37
BRDA:123,9,0,37
BRDA:123,9,1,0
BRDA:127,10,0,0
BRDA:127,10,1,37
BRDA:127,11,0,37
BRDA:127,11,1,0
BRDA:128,12,0,0
BRDA:128,12,1,0
BRDA:145,13,0,107
BRDA:145,13,1,39
BRDA:148,14,0,68
BRDA:148,14,1,39
BRDA:163,15,0,37
BRDA:163,15,1,0
BRDA:165,16,0,35
BRDA:165,16,1,2
BRDA:182,17,0,39
BRDA:182,17,1,29
BRDA:188,18,0,64
BRDA:188,18,1,4
BRDA:190,19,0,0
BRDA:190,19,1,64
BRDA:203,20,0,0
BRDA:203,20,1,9
BRDA:212,21,0,7
BRDA:212,21,1,2
BRDA:229,22,0,13
BRDA:229,22,1,24
BRDA:229,23,0,37
BRDA:229,23,1,13
BRDA:235,24,0,0
BRDA:235,24,1,13
BRDA:239,25,0,0
BRDA:239,25,1,0
BRDA:261,26,0,2
BRDA:261,26,1,2
BRDA:263,27,0,2
BRDA:263,27,1,0
BRDA:289,28,0,0
BRDA:289,28,1,28
BRDA:294,29,0,28
BRDA:294,29,1,8
BRF:59
BRH:44
end_of_record
TN:
SF:/Users/lzz/github/pandora/dialog/src/mask.js
FN:44,(anonymous_1)
FN:69,(anonymous_2)
FN:73,resize
FN:96,(anonymous_4)
FNF:4
FNH:4
FNDA:13,(anonymous_1)
FNDA:13,(anonymous_2)
FNDA:4,resize
FNDA:8,(anonymous_4)
DA:10,1
DA:21,1
DA:45,13
DA:48,13
DA:49,13
DA:53,13
DA:54,4
DA:63,13
DA:72,13
DA:75,1
DA:76,4
DA:87,13
DA:88,2
DA:89,0
DA:92,2
DA:94,2
DA:97,13
DA:101,8
DA:103,8
DA:108,1
LF:20
LH:19
BRDA:34,1,0,0
BRDA:34,1,1,1
BRDA:34,2,0,1
BRDA:34,2,1,0
BRDA:48,3,0,13
BRDA:48,3,1,0
BRDA:53,4,0,4
BRDA:53,4,1,9
BRDA:53,5,0,13
BRDA:53,5,1,4
BRDA:83,6,0,2
BRDA:83,6,1,11
BRDA:84,7,0,0
BRDA:84,7,1,2
BRF:14
BRH:10
end_of_record
TN:
SF:/Users/lzz/github/pandora/dialog/src/confirm.js
FN:60,(anonymous_1)
FN:63,(anonymous_2)
FN:69,(anonymous_3)
FN:73,(anonymous_4)
FN:87,(anonymous_5)
FN:109,(anonymous_6)
FNF:6
FNH:6
FNDA:2,(anonymous_1)
FNDA:2,(anonymous_2)
FNDA:5,(anonymous_3)
FNDA:2,(anonymous_4)
FNDA:2,(anonymous_5)
FNDA:2,(anonymous_6)
DA:10,1
DA:20,1
DA:61,2
DA:64,2
DA:70,5
DA:72,5
DA:73,4
DA:74,2
DA:78,5
DA:88,2
DA:89,0
DA:97,2
DA:98,1
DA:110,2
DA:111,0
DA:119,2
DA:120,1
DA:127,1
LF:18
LH:16
BRDA:72,1,0,4
BRDA:72,1,1,1
BRDA:88,2,0,0
BRDA:88,2,1,2
BRDA:97,3,0,1
BRDA:97,3,1,1
BRDA:110,4,0,0
BRDA:110,4,1,2
BRDA:119,5,0,1
BRDA:119,5,1,1
BRF:10
BRH:8
end_of_record
TN:
SF:/Users/lzz/github/pandora/dialog/src/tips.js
FN:37,(anonymous_1)
FN:42,(anonymous_2)
FN:50,(anonymous_3)
FNF:3
FNH:1
FNDA:4,(anonymous_1)
FNDA:0,(anonymous_2)
FNDA:0,(anonymous_3)
DA:10,1
DA:20,1
DA:38,4
DA:41,4
DA:42,4
DA:43,0
DA:47,4
DA:49,4
DA:50,4
DA:51,0
DA:58,1
LF:11
LH:9
BRDA:41,1,0,4
BRDA:41,1,1,0
BRDA:49,2,0,4
BRDA:49,2,1,0
BRF:4
BRH:2
end_of_record
TN:
SF:/Users/lzz/github/pandora/dialog/src/index.js
FNF:0
FNH:0
DA:1,1
DA:2,1
DA:3,1
DA:4,1
LF:4
LH:4
BRF:0
BRH:0
end_of_record
